\BOOKMARK [1][-]{section.1}{\376\377\137\025\212\000}{}% 1
\BOOKMARK [1][-]{section.2}{\376\377\145\207\163\056\176\374\217\360}{}% 2
\BOOKMARK [2][-]{subsection.2.1}{\376\377\153\072\232\227\116\244\146\023\166\204\133\232\116\111\116\016\166\321\173\241\163\260\162\266}{section.2}% 3
\BOOKMARK [2][-]{subsection.2.2}{\376\377\117\040\176\337\150\300\155\113\145\271\154\325}{section.2}% 4
\BOOKMARK [2][-]{subsection.2.3}{\376\377\147\072\126\150\133\146\116\140\127\050\221\321\207\215\137\002\136\070\150\300\155\113\116\055\166\204\136\224\165\050}{section.2}% 5
\BOOKMARK [2][-]{subsection.2.4}{\376\377\116\015\136\163\210\141\145\160\143\156\131\004\164\006\142\200\147\057}{section.2}% 6
\BOOKMARK [1][-]{section.3}{\376\377\145\271\154\325\213\272}{}% 7
\BOOKMARK [2][-]{subsection.3.1}{\376\377\174\373\176\337\147\266\147\204\213\276\213\241}{section.3}% 8
\BOOKMARK [2][-]{subsection.3.2}{\376\377\145\160\143\156\131\004\164\006\116\016\230\204\131\004\164\006}{section.3}% 9
\BOOKMARK [3][-]{subsubsection.3.2.1}{\376\377\123\237\131\313\145\160\143\156\176\323\147\204}{subsection.3.2}% 10
\BOOKMARK [3][-]{subsubsection.3.2.2}{\376\377\145\160\143\156\156\005\155\027\116\016\124\010\136\166}{subsection.3.2}% 11
\BOOKMARK [3][-]{subsubsection.3.2.3}{\376\377\145\160\143\156\215\050\221\317\143\247\122\066}{subsection.3.2}% 12
\BOOKMARK [2][-]{subsection.3.3}{\376\377\150\007\173\176\165\037\142\020\147\072\122\066}{section.3}% 13
\BOOKMARK [3][-]{subsubsection.3.3.1}{\376\377\127\372\170\100\150\007\173\176\211\304\122\031}{subsection.3.3}% 14
\BOOKMARK [3][-]{subsubsection.3.3.2}{\376\377\142\151\134\125\150\007\173\176\211\304\122\031}{subsection.3.3}% 15
\BOOKMARK [2][-]{subsection.3.4}{\376\377\162\171\137\201\135\345\172\013}{section.3}% 16
\BOOKMARK [3][-]{subsubsection.3.4.1}{\376\377\162\171\137\201\174\173\122\053\116\016\213\276\213\241}{subsection.3.4}% 17
\BOOKMARK [3][-]{subsubsection.3.4.2}{\376\377\150\070\137\303\162\171\137\201\213\241\173\227}{subsection.3.4}% 18
\BOOKMARK [3][-]{subsubsection.3.4.3}{\376\377\226\062\154\304\157\017\147\072\122\066}{subsection.3.4}% 19
\BOOKMARK [1][-]{section.4}{\376\377\152\041\127\213\213\255\176\303\116\016\117\030\123\026}{}% 20
\BOOKMARK [2][-]{subsection.4.1}{\376\377\226\306\142\020\133\146\116\140\150\106\147\266}{section.4}% 21
\BOOKMARK [3][-]{subsubsection.4.1.1}{\376\377\127\372\170\100\133\146\116\140\126\150\220\011\142\351}{subsection.4.1}% 22
\BOOKMARK [3][-]{subsubsection.4.1.2}{\376\377\226\306\142\020\173\126\165\145}{subsection.4.1}% 23
\BOOKMARK [2][-]{subsection.4.2}{\376\377\116\015\136\163\210\141\145\160\143\156\131\004\164\006}{section.4}% 24
\BOOKMARK [3][-]{subsubsection.4.2.1}{\376\377\000F\000o\000c\000a\000l\000\040\000L\000o\000s\000s\143\137\131\061\121\375\145\160}{subsection.4.2}% 25
\BOOKMARK [3][-]{subsubsection.4.2.2}{\376\377\146\172\200\375\221\307\150\067\173\126\165\145}{subsection.4.2}% 26
\BOOKMARK [2][-]{subsection.4.3}{\376\377\215\205\123\302\145\160\117\030\123\026}{section.4}% 27
\BOOKMARK [1][-]{section.5}{\376\377\133\236\232\214\213\276\213\241\116\016\176\323\147\234\122\006\147\220}{}% 28
\BOOKMARK [2][-]{subsection.5.1}{\376\377\145\160\143\156\226\306\143\317\217\360}{section.5}% 29
\BOOKMARK [2][-]{subsection.5.2}{\376\377\213\304\117\060\143\007\150\007\213\276\213\241}{section.5}% 30
\BOOKMARK [2][-]{subsection.5.3}{\376\377\133\236\232\214\176\323\147\234}{section.5}% 31
\BOOKMARK [3][-]{subsubsection.5.3.1}{\376\377\145\164\117\123\140\047\200\375\213\304\117\060}{subsection.5.3}% 32
\BOOKMARK [3][-]{subsubsection.5.3.2}{\376\377\000P\000r\000e\000c\000i\000s\000i\000o\000n\000@\000K\122\006\147\220}{subsection.5.3}% 33
\BOOKMARK [3][-]{subsubsection.5.3.3}{\376\377\155\367\155\306\167\351\226\065\122\006\147\220}{subsection.5.3}% 34
\BOOKMARK [3][-]{subsubsection.5.3.4}{\376\377\162\171\137\201\221\315\211\201\140\047\122\006\147\220}{subsection.5.3}% 35
\BOOKMARK [2][-]{subsection.5.4}{\376\377\152\041\127\213\140\047\200\375\213\312\145\255}{section.5}% 36
\BOOKMARK [3][-]{subsubsection.5.4.1}{\376\377\133\146\116\140\146\362\176\277\122\006\147\220}{subsection.5.4}% 37
\BOOKMARK [3][-]{subsubsection.5.4.2}{\376\377\145\366\225\364\136\217\122\027\140\047\200\375\122\006\147\220}{subsection.5.4}% 38
\BOOKMARK [1][-]{section.6}{\376\377\174\373\176\337\133\236\163\260\116\016\220\350\177\162}{}% 39
\BOOKMARK [2][-]{subsection.6.1}{\376\377\174\373\176\337\147\266\147\204\133\236\163\260}{section.6}% 40
\BOOKMARK [2][-]{subsection.6.2}{\376\377\150\070\137\303\213\255\176\303\201\032\147\054}{section.6}% 41
\BOOKMARK [2][-]{subsection.6.3}{\376\377\123\357\211\306\123\026\122\006\147\220\135\345\121\167}{section.6}% 42
\BOOKMARK [1][-]{section.7}{\376\377\176\323\213\272\116\016\134\125\147\033}{}% 43
\BOOKMARK [2][-]{subsection.7.1}{\376\377\116\073\211\201\215\041\163\056\140\073\176\323}{section.7}% 44
\BOOKMARK [2][-]{subsection.7.2}{\376\377\133\236\226\105\136\224\165\050\116\367\120\074}{section.7}% 45
\BOOKMARK [2][-]{subsection.7.3}{\376\377\134\100\226\120\140\047\122\006\147\220}{section.7}% 46
\BOOKMARK [2][-]{subsection.7.4}{\376\377\147\052\147\145\170\024\172\166\145\271\124\021}{section.7}% 47
\BOOKMARK [2][-]{subsection.7.5}{\376\377\176\323\213\355}{section.7}% 48
